13:03:40 [INFO] Processing USC00110072  …
13:07:11 [INFO] Processing USC00110072  …
13:07:34 [INFO] Processing USC00110072  …
13:15:22 [INFO] Processing USC00110072  …
13:15:23 [INFO]   ↳ 10,865 rows
13:15:23 [INFO] Processing USC00110187  …
13:15:24 [INFO]   ↳ 10,407 rows
13:15:24 [INFO] Processing USC00110338  …
13:15:25 [INFO]   ↳ 10,712 rows
13:15:25 [INFO] Processing USC00111280  …
13:15:26 [INFO]   ↳ 9,343 rows
13:15:26 [INFO] Processing USC00111436  …
13:15:27 [INFO]   ↳ 10,744 rows
13:15:27 [INFO] Processing USC00112140  …
13:15:28 [INFO]   ↳ 10,957 rows
13:15:28 [INFO] Processing USC00112193  …
13:15:29 [INFO]   ↳ 10,653 rows
13:15:29 [INFO] Processing USC00112348  …
13:15:30 [INFO]   ↳ 9,681 rows
13:15:30 [INFO] Processing USC00112483  …
13:15:31 [INFO]   ↳ 10,898 rows
13:15:31 [INFO] Processing USC00113335  …
13:15:32 [INFO]   ↳ 10,652 rows
13:15:32 [INFO] Processing USC00113879  …
13:15:32 [INFO]   ↳ 9,074 rows
13:15:32 [INFO] Processing USC00114108  …
13:15:33 [INFO]   ↳ 10,896 rows
13:15:33 [INFO] Processing USC00114198  …
13:15:34 [INFO]   ↳ 10,926 rows
13:15:34 [INFO] Processing USC00114442  …
13:15:35 [INFO]   ↳ 10,957 rows
13:15:35 [INFO] Processing USC00114823  …
13:15:36 [INFO]   ↳ 10,929 rows
13:15:36 [INFO] Processing USC00115079  …
13:15:37 [INFO]   ↳ 10,501 rows
13:15:37 [INFO] Processing USC00115326  …
13:15:38 [INFO]   ↳ 10,077 rows
13:15:38 [INFO] Processing USC00115515  …
13:15:39 [INFO]   ↳ 6,271 rows
13:15:39 [INFO] Processing USC00115712  …
13:15:40 [INFO]   ↳ 10,957 rows
13:15:40 [INFO] Processing USC00115768  …
13:15:41 [INFO]   ↳ 10,745 rows
13:15:41 [INFO] Processing USC00115833  …
13:15:42 [INFO]   ↳ 10,866 rows
13:15:42 [INFO] Processing USC00115901  …
13:15:43 [INFO]   ↳ 10,957 rows
13:15:43 [INFO] Processing USC00115943  …
13:15:44 [INFO]   ↳ 10,957 rows
13:15:44 [INFO] Processing USC00116446  …
13:15:45 [INFO]   ↳ 10,654 rows
13:15:45 [INFO] Processing USC00116526  …
13:15:46 [INFO]   ↳ 10,926 rows
13:15:46 [INFO] Processing USC00116558  …
13:15:47 [INFO]   ↳ 10,804 rows
13:15:47 [INFO] Processing USC00116579  …
13:15:48 [INFO]   ↳ 10,407 rows
13:15:48 [INFO] Processing USC00116610  …
13:15:49 [INFO]   ↳ 10,957 rows
13:15:49 [INFO] Processing USC00116738  …
13:15:50 [INFO]   ↳ 8,126 rows
13:15:50 [INFO] Processing USC00116910  …
13:15:51 [INFO]   ↳ 10,898 rows
13:15:51 [INFO] Processing USC00117551  …
13:15:53 [INFO]   ↳ 10,803 rows
13:15:53 [INFO] Processing USC00118147  …
13:15:54 [INFO]   ↳ 9,896 rows
13:15:54 [INFO] Processing USC00118740  …
13:15:55 [INFO]   ↳ 10,957 rows
13:15:55 [INFO] Processing USC00118916  …
13:15:56 [INFO]   ↳ 10,865 rows
13:15:56 [INFO] Processing USC00119241  …
13:15:57 [INFO]   ↳ 10,869 rows
13:15:57 [INFO] Processing USC00119354  …
13:15:58 [INFO]   ↳ 10,896 rows
13:15:58 [INFO] Processing USC00120177  …
13:15:59 [INFO]   ↳ 10,837 rows
13:15:59 [INFO] Processing USC00120200  …
13:16:00 [INFO]   ↳ 10,927 rows
13:16:00 [INFO] Processing USC00120676  …
13:16:01 [INFO]   ↳ 10,652 rows
13:16:01 [INFO] Processing USC00120784  …
13:16:02 [INFO]   ↳ 10,897 rows
13:16:02 [INFO] Processing USC00121030  …
13:16:03 [INFO]   ↳ 10,135 rows
13:16:03 [INFO] Processing USC00121229  …
13:16:04 [INFO]   ↳ 6,087 rows
13:16:04 [INFO] Processing USC00121425  …
13:16:05 [INFO]   ↳ 5,811 rows
13:16:05 [INFO] Processing USC00121747  …
13:16:06 [INFO]   ↳ 10,957 rows
13:16:06 [INFO] Processing USC00121873  …
13:16:07 [INFO]   ↳ 10,742 rows
13:16:07 [INFO] Processing USC00122149  …
13:16:08 [INFO]   ↳ 9,554 rows
13:16:08 [INFO] Processing USC00123418  …
13:16:09 [INFO]   ↳ 10,957 rows
13:16:09 [INFO] Processing USC00123513  …
13:16:10 [INFO]   ↳ 10,347 rows
13:16:10 [INFO] Processing USC00123527  …
13:16:11 [INFO]   ↳ 10,896 rows
13:16:11 [INFO] Processing USC00124008  …
13:16:12 [INFO]   ↳ 5,476 rows
13:16:12 [INFO] Processing USC00124181  …
13:16:13 [INFO]   ↳ 10,681 rows
13:16:13 [INFO] Processing USC00124837  …
13:16:14 [INFO]   ↳ 10,866 rows
13:16:14 [INFO] Processing USC00125237  …
13:16:15 [INFO]   ↳ 10,865 rows
13:16:15 [INFO] Processing USC00125337  …
13:16:16 [INFO]   ↳ 10,926 rows
13:16:16 [INFO] Processing USC00126001  …
13:16:17 [INFO]   ↳ 10,562 rows
13:16:17 [INFO] Processing USC00126580  …
13:16:18 [INFO]   ↳ 10,899 rows
13:16:18 [INFO] Processing USC00126705  …
13:16:19 [INFO]   ↳ 10,598 rows
13:16:19 [INFO] Processing USC00127125  …
13:16:20 [INFO]   ↳ 10,804 rows
13:16:20 [INFO] Processing USC00127298  …
13:16:21 [INFO]   ↳ 10,957 rows
13:16:22 [INFO] Processing USC00127482  …
13:16:23 [INFO]   ↳ 10,957 rows
13:16:23 [INFO] Processing USC00127522  …
13:16:24 [INFO]   ↳ 10,926 rows
13:16:24 [INFO] Processing USC00127646  …
13:16:25 [INFO]   ↳ 10,957 rows
13:16:25 [INFO] Processing USC00127755  …
13:16:26 [INFO]   ↳ 8,467 rows
13:16:26 [INFO] Processing USC00127875  …
13:16:27 [INFO]   ↳ 8,219 rows
13:16:27 [INFO] Processing USC00127935  …
13:16:28 [INFO]   ↳ 10,380 rows
13:16:28 [INFO] Processing USC00128036  …
13:16:29 [INFO]   ↳ 10,835 rows
13:16:29 [INFO] Processing USC00129080  …
13:16:30 [INFO]   ↳ 7,609 rows
13:16:30 [INFO] Processing USC00129113  …
13:16:31 [INFO]   ↳ 10,927 rows
13:16:31 [INFO] Processing USC00129253  …
13:16:32 [INFO]   ↳ 10,468 rows
13:16:32 [INFO] Processing USC00129511  …
13:16:33 [INFO]   ↳ 6,849 rows
13:16:33 [INFO] Processing USC00129557  …
13:16:34 [INFO]   ↳ 10,957 rows
13:16:34 [INFO] Processing USC00129670  …
13:16:35 [INFO]   ↳ 10,957 rows
13:16:35 [INFO] Processing USC00130112  …
13:16:36 [INFO]   ↳ 10,806 rows
13:16:36 [INFO] Processing USC00130133  …
13:16:37 [INFO]   ↳ 10,957 rows
13:16:37 [INFO] Processing USC00130600  …
13:16:39 [INFO]   ↳ 10,928 rows
13:16:39 [INFO] Processing USC00131402  …
13:16:40 [INFO]   ↳ 10,957 rows
13:16:40 [INFO] Processing USC00131533  …
13:16:41 [INFO]   ↳ 10,957 rows
13:16:41 [INFO] Processing USC00131635  …
13:16:42 [INFO]   ↳ 10,957 rows
13:16:42 [INFO] Processing USC00132724  …
13:16:43 [INFO]   ↳ 10,836 rows
13:16:43 [INFO] Processing USC00132789  …
13:16:44 [INFO]   ↳ 10,957 rows
13:16:45 [INFO] Processing USC00132864  …
13:16:46 [INFO]   ↳ 10,957 rows
13:16:46 [INFO] Processing USC00132977  …
13:16:47 [INFO]   ↳ 10,957 rows
13:16:47 [INFO] Processing USC00132999  …
13:16:48 [INFO]   ↳ 10,804 rows
13:16:48 [INFO] Processing USC00134063  …
13:16:49 [INFO]   ↳ 10,714 rows
13:16:49 [INFO] Processing USC00134142  …
13:16:51 [INFO]   ↳ 10,807 rows
13:16:51 [INFO] Processing USC00134735  …
13:16:52 [INFO]   ↳ 10,928 rows
13:16:52 [INFO] Processing USC00134894  …
13:16:53 [INFO]   ↳ 10,867 rows
13:16:53 [INFO] Processing USC00135769  …
13:16:54 [INFO]   ↳ 10,833 rows
13:16:54 [INFO] Processing USC00135796  …
13:16:56 [INFO]   ↳ 10,957 rows
13:16:56 [INFO] Processing USC00135952  …
13:16:57 [INFO]   ↳ 10,899 rows
13:16:57 [INFO] Processing USC00137147  …
13:16:58 [INFO]   ↳ 10,957 rows
13:16:58 [INFO] Processing USC00137161  …
13:16:59 [INFO]   ↳ 10,957 rows
13:16:59 [INFO] Processing USC00137979  …
13:17:00 [INFO]   ↳ 10,926 rows
13:17:01 [INFO] Processing USC00138296  …
13:17:02 [INFO]   ↳ 10,837 rows
13:17:02 [INFO] Processing USC00138688  …
13:17:03 [INFO]   ↳ 10,957 rows
13:17:03 [INFO] Processing USC00250070  …
13:17:04 [INFO]   ↳ 8,918 rows
13:17:04 [INFO] Processing USC00250130  …
13:17:05 [INFO]   ↳ 9,587 rows
13:17:05 [INFO] Processing USC00250375  …
13:17:06 [INFO]   ↳ 10,835 rows
13:17:07 [INFO] Processing USC00250420  …
13:17:08 [INFO]   ↳ 10,379 rows
13:17:08 [INFO] Processing USC00250435  …
13:17:09 [INFO]   ↳ 10,957 rows
13:17:09 [INFO] Processing USC00250622  …
13:17:10 [INFO]   ↳ 10,896 rows
13:17:10 [INFO] Processing USC00250640  …
13:17:12 [INFO]   ↳ 10,957 rows
13:17:12 [INFO] Processing USC00251145  …
13:17:13 [INFO]   ↳ 10,836 rows
13:17:13 [INFO] Processing USC00251200  …
13:17:14 [INFO]   ↳ 10,805 rows
13:17:15 [INFO] Processing USC00252020  …
13:17:16 [INFO]   ↳ 10,746 rows
13:17:16 [INFO] Processing USC00252100  …
13:17:17 [INFO]   ↳ 10,713 rows
13:17:17 [INFO] Processing USC00252205  …
13:17:18 [INFO]   ↳ 10,926 rows
13:17:19 [INFO] Processing USC00252820  …
13:17:20 [INFO]   ↳ 10,896 rows
13:17:20 [INFO] Processing USC00252840  …
13:17:21 [INFO]   ↳ 9,771 rows
13:17:21 [INFO] Processing USC00253035  …
13:17:21 [INFO]   ↳ 2,069 rows
13:17:21 [INFO] Processing USC00253175  …
13:17:22 [INFO]   ↳ 10,957 rows
13:17:23 [INFO] Processing USC00253185  …
13:17:24 [INFO]   ↳ 10,957 rows
13:17:24 [INFO] Processing USC00253365  …
13:17:25 [INFO]   ↳ 10,926 rows
13:17:25 [INFO] Processing USC00253615  …
13:17:26 [INFO]   ↳ 10,927 rows
13:17:26 [INFO] Processing USC00253630  …
13:17:27 [INFO]   ↳ 10,927 rows
13:17:28 [INFO] Processing USC00253660  …
13:17:29 [INFO]   ↳ 10,896 rows
13:17:29 [INFO] Processing USC00253715  …
13:17:30 [INFO]   ↳ 8,521 rows
13:17:30 [INFO] Processing USC00253735  …
13:17:31 [INFO]   ↳ 10,868 rows
13:17:31 [INFO] Processing USC00253910  …
13:17:32 [INFO]   ↳ 10,957 rows
13:17:33 [INFO] Processing USC00254110  …
13:17:34 [INFO]   ↳ 10,683 rows
13:17:34 [INFO] Processing USC00254440  …
13:17:35 [INFO]   ↳ 10,866 rows
13:17:35 [INFO] Processing USC00254900  …
13:17:37 [INFO]   ↳ 10,927 rows
13:17:37 [INFO] Processing USC00254985  …
13:17:38 [INFO]   ↳ 9,861 rows
13:17:38 [INFO] Processing USC00255080  …
13:17:39 [INFO]   ↳ 9,556 rows
13:17:39 [INFO] Processing USC00255310  …
13:17:40 [INFO]   ↳ 10,926 rows
13:17:40 [INFO] Processing USC00255470  …
13:17:41 [INFO]   ↳ 8,489 rows
13:17:41 [INFO] Processing USC00255565  …
13:17:43 [INFO]   ↳ 10,957 rows
13:17:43 [INFO] Processing USC00256040  …
13:17:44 [INFO]   ↳ 9,009 rows
13:17:44 [INFO] Processing USC00256135  …
13:17:45 [INFO]   ↳ 10,957 rows
13:17:45 [INFO] Processing USC00256570  …
13:17:46 [INFO]   ↳ 10,836 rows
13:17:47 [INFO] Processing USC00256970  …
13:17:48 [INFO]   ↳ 10,017 rows
13:17:48 [INFO] Processing USC00257070  …
13:17:49 [INFO]   ↳ 10,926 rows
13:17:49 [INFO] Processing USC00257515  …
13:17:50 [INFO]   ↳ 10,075 rows
13:17:50 [INFO] Processing USC00257715  …
13:17:52 [INFO]   ↳ 10,957 rows
13:17:52 [INFO] Processing USC00258133  …
13:17:53 [INFO]   ↳ 9,225 rows
13:17:53 [INFO] Processing USC00258395  …
13:17:54 [INFO]   ↳ 10,957 rows
13:17:54 [INFO] Processing USC00258465  …
13:17:55 [INFO]   ↳ 10,684 rows
13:17:55 [INFO] Processing USC00258480  …
13:17:56 [INFO]   ↳ 10,808 rows
13:17:57 [INFO] Processing USC00258915  …
13:17:58 [INFO]   ↳ 10,957 rows
13:17:58 [INFO] Processing USC00259090  …
13:17:59 [INFO]   ↳ 9,374 rows
13:17:59 [INFO] Processing USC00259510  …
13:18:00 [INFO]   ↳ 8,735 rows
13:18:00 [INFO] Processing USC00331072  …
13:18:02 [INFO]   ↳ 10,957 rows
13:18:02 [INFO] Processing USC00331152  …
13:18:03 [INFO]   ↳ 8,886 rows
13:18:03 [INFO] Processing USC00331541  …
13:18:04 [INFO]   ↳ 10,957 rows
13:18:04 [INFO] Processing USC00331592  …
13:18:05 [INFO]   ↳ 10,957 rows
13:18:06 [INFO] Processing USC00331890  …
13:18:07 [INFO]   ↳ 10,772 rows
13:18:07 [INFO] Processing USC00332098  …
13:18:08 [INFO]   ↳ 10,927 rows
13:18:08 [INFO] Processing USC00332119  …
13:18:09 [INFO]   ↳ 5,722 rows
13:18:09 [INFO] Processing USC00332791  …
13:18:10 [INFO]   ↳ 10,957 rows
13:18:10 [INFO] Processing USC00333375  …
13:18:12 [INFO]   ↳ 10,926 rows
13:18:12 [INFO] Processing USC00333758  …
13:18:13 [INFO]   ↳ 10,712 rows
13:18:13 [INFO] Processing USC00333780  …
13:18:14 [INFO]   ↳ 10,927 rows
13:18:14 [INFO] Processing USC00334189  …
13:18:16 [INFO]   ↳ 10,834 rows
13:18:16 [INFO] Processing USC00335041  …
13:18:17 [INFO]   ↳ 10,896 rows
13:18:17 [INFO] Processing USC00335297  …
13:18:18 [INFO]   ↳ 9,557 rows
13:18:18 [INFO] Processing USC00335315  …
13:18:19 [INFO]   ↳ 9,768 rows
13:18:20 [INFO] Processing USC00336118  …
13:18:21 [INFO]   ↳ 10,957 rows
13:18:21 [INFO] Processing USC00336196  …
13:18:23 [INFO]   ↳ 10,957 rows
13:18:23 [INFO] Processing USC00336600  …
13:18:25 [INFO]   ↳ 10,561 rows
13:18:25 [INFO] Processing USC00336781  …
13:18:26 [INFO]   ↳ 10,927 rows
13:18:26 [INFO] Processing USC00338313  …
13:18:28 [INFO]   ↳ 9,862 rows
13:18:28 [INFO] Processing USC00338534  …
13:18:29 [INFO]   ↳ 10,469 rows
13:18:29 [INFO] Processing USC00338552  …
13:18:31 [INFO]   ↳ 10,896 rows
13:18:31 [INFO] Processing USC00338769  …
13:18:32 [INFO]   ↳ 10,957 rows
13:18:32 [INFO] Processing USC00338822  …
13:18:34 [INFO]   ↳ 10,957 rows
13:18:34 [INFO] Processing USC00338830  …
13:18:35 [INFO]   ↳ 10,957 rows
13:18:35 [INFO] Processing USC00339312  …
13:18:36 [INFO]   ↳ 10,957 rows
13:18:37 [INFO] ✅  Done: 1,729,957 total rows in 194.3 s
13:27:15 [INFO] Processing USC00110072  …
13:27:16 [INFO]   ↳ 10,865 rows
13:27:16 [INFO] Processing USC00110187  …
13:27:16 [INFO]   ↳ 10,407 rows
13:27:16 [INFO] Processing USC00110338  …
13:27:17 [INFO]   ↳ 10,712 rows
13:27:17 [INFO] Processing USC00111280  …
13:27:18 [INFO]   ↳ 9,343 rows
13:27:18 [INFO] Processing USC00111436  …
13:27:18 [WARNING] Interrupted by user – partial commits saved.
13:30:03 [INFO] Processing USC00110072  …
13:30:04 [INFO]   ↳ 0 new · 10,865 dup
13:30:04 [INFO] Processing USC00110187  …
13:30:05 [INFO]   ↳ 0 new · 10,407 dup
13:30:05 [INFO] Processing USC00110338  …
13:30:06 [INFO]   ↳ 0 new · 10,712 dup
13:30:06 [INFO] Processing USC00111280  …
13:30:07 [INFO]   ↳ 0 new · 9,343 dup
13:30:07 [INFO] Processing USC00111436  …
13:30:08 [INFO]   ↳ 0 new · 10,744 dup
13:30:08 [INFO] Processing USC00112140  …
13:30:09 [INFO]   ↳ 0 new · 10,957 dup
13:30:09 [INFO] Processing USC00112193  …
13:30:10 [INFO]   ↳ 0 new · 10,653 dup
13:30:10 [INFO] Processing USC00112348  …
13:30:10 [INFO]   ↳ 0 new · 9,681 dup
13:30:10 [INFO] Processing USC00112483  …
13:30:11 [INFO]   ↳ 0 new · 10,898 dup
13:30:11 [INFO] Processing USC00113335  …
13:30:12 [INFO]   ↳ 0 new · 10,652 dup
13:30:12 [INFO] Processing USC00113879  …
13:30:13 [INFO]   ↳ 0 new · 9,074 dup
13:30:13 [INFO] Processing USC00114108  …
13:30:14 [INFO]   ↳ 0 new · 10,896 dup
13:30:14 [INFO] Processing USC00114198  …
13:30:15 [INFO]   ↳ 0 new · 10,926 dup
13:30:15 [INFO] Processing USC00114442  …
13:30:16 [INFO]   ↳ 0 new · 10,957 dup
13:30:16 [INFO] Processing USC00114823  …
13:30:17 [INFO]   ↳ 0 new · 10,929 dup
13:30:17 [INFO] Processing USC00115079  …
13:30:18 [INFO]   ↳ 0 new · 10,501 dup
13:30:18 [INFO] Processing USC00115326  …
13:30:19 [INFO]   ↳ 0 new · 10,077 dup
13:30:19 [INFO] Processing USC00115515  …
13:30:19 [INFO]   ↳ 0 new · 6,271 dup
13:30:19 [INFO] Processing USC00115712  …
13:30:20 [INFO]   ↳ 0 new · 10,957 dup
13:30:20 [INFO] Processing USC00115768  …
13:30:21 [INFO]   ↳ 0 new · 10,745 dup
13:30:21 [INFO] Processing USC00115833  …
13:30:22 [INFO]   ↳ 0 new · 10,866 dup
13:30:22 [INFO] Processing USC00115901  …
13:30:23 [INFO]   ↳ 0 new · 10,957 dup
13:30:23 [INFO] Processing USC00115943  …
13:30:24 [INFO]   ↳ 0 new · 10,957 dup
13:30:24 [INFO] Processing USC00116446  …
13:30:25 [INFO]   ↳ 0 new · 10,654 dup
13:30:25 [INFO] Processing USC00116526  …
13:30:26 [INFO]   ↳ 0 new · 10,926 dup
13:30:26 [INFO] Processing USC00116558  …
13:30:27 [INFO]   ↳ 0 new · 10,804 dup
13:30:27 [INFO] Processing USC00116579  …
13:30:28 [INFO]   ↳ 0 new · 10,407 dup
13:30:28 [INFO] Processing USC00116610  …
13:30:29 [INFO]   ↳ 0 new · 10,957 dup
13:30:29 [INFO] Processing USC00116738  …
13:30:30 [INFO]   ↳ 0 new · 8,126 dup
13:30:30 [INFO] Processing USC00116910  …
13:30:31 [INFO]   ↳ 0 new · 10,898 dup
13:30:31 [INFO] Processing USC00117551  …
13:30:32 [INFO]   ↳ 0 new · 10,803 dup
13:30:32 [INFO] Processing USC00118147  …
13:30:32 [INFO]   ↳ 0 new · 9,896 dup
13:30:32 [INFO] Processing USC00118740  …
13:30:33 [INFO]   ↳ 0 new · 10,957 dup
13:30:33 [INFO] Processing USC00118916  …
13:30:34 [INFO]   ↳ 0 new · 10,865 dup
13:30:34 [INFO] Processing USC00119241  …
13:30:35 [INFO]   ↳ 0 new · 10,869 dup
13:30:35 [INFO] Processing USC00119354  …
13:30:36 [INFO]   ↳ 0 new · 10,896 dup
13:30:36 [INFO] Processing USC00120177  …
13:30:37 [INFO]   ↳ 0 new · 10,837 dup
13:30:37 [INFO] Processing USC00120200  …
13:30:38 [INFO]   ↳ 0 new · 10,927 dup
13:30:38 [INFO] Processing USC00120676  …
13:30:39 [INFO]   ↳ 0 new · 10,652 dup
13:30:39 [INFO] Processing USC00120784  …
13:30:40 [INFO]   ↳ 0 new · 10,897 dup
13:30:40 [INFO] Processing USC00121030  …
13:30:41 [INFO]   ↳ 0 new · 10,135 dup
13:30:41 [INFO] Processing USC00121229  …
13:30:41 [INFO]   ↳ 0 new · 6,087 dup
13:30:41 [INFO] Processing USC00121425  …
13:30:42 [INFO]   ↳ 0 new · 5,811 dup
13:30:42 [INFO] Processing USC00121747  …
13:30:43 [INFO]   ↳ 0 new · 10,957 dup
13:30:43 [INFO] Processing USC00121873  …
13:30:44 [INFO]   ↳ 0 new · 10,742 dup
13:30:44 [INFO] Processing USC00122149  …
13:30:45 [INFO]   ↳ 0 new · 9,554 dup
13:30:45 [INFO] Processing USC00123418  …
13:30:46 [INFO]   ↳ 0 new · 10,957 dup
13:30:46 [INFO] Processing USC00123513  …
13:30:47 [INFO]   ↳ 0 new · 10,347 dup
13:30:47 [INFO] Processing USC00123527  …
13:30:47 [INFO]   ↳ 0 new · 10,896 dup
13:30:47 [INFO] Processing USC00124008  …
13:30:48 [INFO]   ↳ 0 new · 5,476 dup
13:30:48 [INFO] Processing USC00124181  …
13:30:49 [INFO]   ↳ 0 new · 10,681 dup
13:30:49 [INFO] Processing USC00124837  …
13:30:50 [INFO]   ↳ 0 new · 10,866 dup
13:30:50 [INFO] Processing USC00125237  …
13:30:51 [INFO]   ↳ 0 new · 10,865 dup
13:30:51 [INFO] Processing USC00125337  …
13:30:52 [INFO]   ↳ 0 new · 10,926 dup
13:30:52 [INFO] Processing USC00126001  …
13:30:53 [INFO]   ↳ 0 new · 10,562 dup
13:30:53 [INFO] Processing USC00126580  …
13:30:53 [INFO]   ↳ 0 new · 10,899 dup
13:30:53 [INFO] Processing USC00126705  …
13:30:54 [INFO]   ↳ 0 new · 10,598 dup
13:30:54 [INFO] Processing USC00127125  …
13:30:55 [INFO]   ↳ 0 new · 10,804 dup
13:30:55 [INFO] Processing USC00127298  …
13:30:56 [INFO]   ↳ 0 new · 10,957 dup
13:30:56 [INFO] Processing USC00127482  …
13:30:57 [INFO]   ↳ 0 new · 10,957 dup
13:30:57 [INFO] Processing USC00127522  …
13:30:58 [INFO]   ↳ 0 new · 10,926 dup
13:30:58 [INFO] Processing USC00127646  …
13:30:59 [INFO]   ↳ 0 new · 10,957 dup
13:30:59 [INFO] Processing USC00127755  …
13:31:00 [INFO]   ↳ 0 new · 8,467 dup
13:31:00 [INFO] Processing USC00127875  …
13:31:00 [INFO]   ↳ 0 new · 8,219 dup
13:31:00 [INFO] Processing USC00127935  …
13:31:01 [INFO]   ↳ 0 new · 10,380 dup
13:31:01 [INFO] Processing USC00128036  …
13:31:02 [INFO]   ↳ 0 new · 10,835 dup
13:31:02 [INFO] Processing USC00129080  …
13:31:03 [INFO]   ↳ 0 new · 7,609 dup
13:31:03 [INFO] Processing USC00129113  …
13:31:04 [INFO]   ↳ 0 new · 10,927 dup
13:31:04 [INFO] Processing USC00129253  …
13:31:04 [INFO]   ↳ 0 new · 10,468 dup
13:31:04 [INFO] Processing USC00129511  …
13:31:05 [INFO]   ↳ 0 new · 6,849 dup
13:31:05 [INFO] Processing USC00129557  …
13:31:06 [INFO]   ↳ 0 new · 10,957 dup
13:31:06 [INFO] Processing USC00129670  …
13:31:07 [INFO]   ↳ 0 new · 10,957 dup
13:31:07 [INFO] Processing USC00130112  …
13:31:08 [INFO]   ↳ 0 new · 10,806 dup
13:31:08 [INFO] Processing USC00130133  …
13:31:09 [INFO]   ↳ 0 new · 10,957 dup
13:31:09 [INFO] Processing USC00130600  …
13:31:10 [INFO]   ↳ 0 new · 10,928 dup
13:31:10 [INFO] Processing USC00131402  …
13:31:10 [INFO]   ↳ 0 new · 10,957 dup
13:31:10 [INFO] Processing USC00131533  …
13:31:11 [INFO]   ↳ 0 new · 10,957 dup
13:31:11 [INFO] Processing USC00131635  …
13:31:12 [INFO]   ↳ 0 new · 10,957 dup
13:31:12 [INFO] Processing USC00132724  …
13:31:13 [INFO]   ↳ 0 new · 10,836 dup
13:31:13 [INFO] Processing USC00132789  …
13:31:14 [INFO]   ↳ 0 new · 10,957 dup
13:31:14 [INFO] Processing USC00132864  …
13:31:15 [INFO]   ↳ 0 new · 10,957 dup
13:31:15 [INFO] Processing USC00132977  …
13:31:16 [INFO]   ↳ 0 new · 10,957 dup
13:31:16 [INFO] Processing USC00132999  …
13:31:17 [INFO]   ↳ 0 new · 10,804 dup
13:31:17 [INFO] Processing USC00134063  …
13:31:18 [INFO]   ↳ 0 new · 10,714 dup
13:31:18 [INFO] Processing USC00134142  …
13:31:19 [INFO]   ↳ 0 new · 10,807 dup
13:31:19 [INFO] Processing USC00134735  …
13:31:20 [INFO]   ↳ 0 new · 10,928 dup
13:31:20 [INFO] Processing USC00134894  …
13:31:21 [INFO]   ↳ 0 new · 10,867 dup
13:31:21 [INFO] Processing USC00135769  …
13:31:22 [INFO]   ↳ 0 new · 10,833 dup
13:31:22 [INFO] Processing USC00135796  …
13:31:23 [INFO]   ↳ 0 new · 10,957 dup
13:31:23 [INFO] Processing USC00135952  …
13:31:24 [INFO]   ↳ 0 new · 10,899 dup
13:31:24 [INFO] Processing USC00137147  …
13:31:25 [INFO]   ↳ 0 new · 10,957 dup
13:31:25 [INFO] Processing USC00137161  …
13:31:26 [INFO]   ↳ 0 new · 10,957 dup
13:31:26 [INFO] Processing USC00137979  …
13:31:27 [INFO]   ↳ 0 new · 10,926 dup
13:31:27 [INFO] Processing USC00138296  …
13:31:28 [INFO]   ↳ 0 new · 10,837 dup
13:31:28 [INFO] Processing USC00138688  …
13:31:29 [INFO]   ↳ 0 new · 10,957 dup
13:31:29 [INFO] Processing USC00250070  …
13:31:30 [INFO]   ↳ 0 new · 8,918 dup
13:31:30 [INFO] Processing USC00250130  …
13:31:31 [INFO]   ↳ 0 new · 9,587 dup
13:31:31 [INFO] Processing USC00250375  …
13:31:32 [INFO]   ↳ 0 new · 10,835 dup
13:31:32 [INFO] Processing USC00250420  …
13:31:33 [INFO]   ↳ 0 new · 10,379 dup
13:31:33 [INFO] Processing USC00250435  …
13:31:34 [INFO]   ↳ 0 new · 10,957 dup
13:31:34 [INFO] Processing USC00250622  …
13:31:35 [INFO]   ↳ 0 new · 10,896 dup
13:31:35 [INFO] Processing USC00250640  …
13:31:36 [INFO]   ↳ 0 new · 10,957 dup
13:31:36 [INFO] Processing USC00251145  …
13:31:37 [INFO]   ↳ 0 new · 10,836 dup
13:31:37 [INFO] Processing USC00251200  …
13:31:39 [INFO]   ↳ 0 new · 10,805 dup
13:31:39 [INFO] Processing USC00252020  …
13:31:40 [INFO]   ↳ 0 new · 10,746 dup
13:31:40 [INFO] Processing USC00252100  …
13:31:42 [INFO]   ↳ 0 new · 10,713 dup
13:31:42 [INFO] Processing USC00252205  …
13:31:43 [INFO]   ↳ 0 new · 10,926 dup
13:31:43 [INFO] Processing USC00252820  …
13:31:45 [INFO]   ↳ 0 new · 10,896 dup
13:31:45 [INFO] Processing USC00252840  …
13:31:46 [INFO]   ↳ 0 new · 9,771 dup
13:31:46 [INFO] Processing USC00253035  …
13:31:46 [INFO]   ↳ 0 new · 2,069 dup
13:31:46 [INFO] Processing USC00253175  …
13:31:48 [INFO]   ↳ 0 new · 10,957 dup
13:31:48 [INFO] Processing USC00253185  …
13:31:50 [INFO]   ↳ 0 new · 10,957 dup
13:31:50 [INFO] Processing USC00253365  …
13:31:51 [INFO]   ↳ 0 new · 10,926 dup
13:31:51 [INFO] Processing USC00253615  …
13:31:52 [INFO]   ↳ 0 new · 10,927 dup
13:31:52 [INFO] Processing USC00253630  …
13:31:54 [INFO]   ↳ 0 new · 10,927 dup
13:31:54 [INFO] Processing USC00253660  …
13:31:55 [INFO]   ↳ 0 new · 10,896 dup
13:31:55 [INFO] Processing USC00253715  …
13:31:57 [INFO]   ↳ 0 new · 8,521 dup
13:31:57 [INFO] Processing USC00253735  …
13:31:58 [INFO]   ↳ 0 new · 10,868 dup
13:31:58 [INFO] Processing USC00253910  …
13:31:59 [INFO]   ↳ 0 new · 10,957 dup
13:31:59 [INFO] Processing USC00254110  …
13:32:01 [INFO]   ↳ 0 new · 10,683 dup
13:32:01 [INFO] Processing USC00254440  …
13:32:02 [INFO]   ↳ 0 new · 10,866 dup
13:32:02 [INFO] Processing USC00254900  …
13:32:04 [INFO]   ↳ 0 new · 10,927 dup
13:32:04 [INFO] Processing USC00254985  …
13:32:05 [INFO]   ↳ 0 new · 9,861 dup
13:32:05 [INFO] Processing USC00255080  …
13:32:07 [INFO]   ↳ 0 new · 9,556 dup
13:32:07 [INFO] Processing USC00255310  …
13:32:09 [INFO]   ↳ 0 new · 10,926 dup
13:32:09 [INFO] Processing USC00255470  …
13:32:10 [INFO]   ↳ 0 new · 8,489 dup
13:32:10 [INFO] Processing USC00255565  …
13:32:11 [INFO]   ↳ 0 new · 10,957 dup
13:32:11 [INFO] Processing USC00256040  …
13:32:11 [INFO]   ↳ 0 new · 9,009 dup
13:32:11 [INFO] Processing USC00256135  …
13:32:12 [INFO]   ↳ 0 new · 10,957 dup
13:32:12 [INFO] Processing USC00256570  …
13:32:13 [INFO]   ↳ 0 new · 10,836 dup
13:32:13 [INFO] Processing USC00256970  …
13:32:14 [INFO]   ↳ 0 new · 10,017 dup
13:32:14 [INFO] Processing USC00257070  …
13:32:15 [INFO]   ↳ 0 new · 10,926 dup
13:32:15 [INFO] Processing USC00257515  …
13:32:16 [INFO]   ↳ 0 new · 10,075 dup
13:32:16 [INFO] Processing USC00257715  …
13:32:17 [INFO]   ↳ 0 new · 10,957 dup
13:32:17 [INFO] Processing USC00258133  …
13:32:17 [INFO]   ↳ 0 new · 9,225 dup
13:32:17 [INFO] Processing USC00258395  …
13:32:18 [INFO]   ↳ 0 new · 10,957 dup
13:32:18 [INFO] Processing USC00258465  …
13:32:19 [INFO]   ↳ 0 new · 10,684 dup
13:32:19 [INFO] Processing USC00258480  …
13:32:20 [INFO]   ↳ 0 new · 10,808 dup
13:32:20 [INFO] Processing USC00258915  …
13:32:21 [INFO]   ↳ 0 new · 10,957 dup
13:32:21 [INFO] Processing USC00259090  …
13:32:22 [INFO]   ↳ 0 new · 9,374 dup
13:32:22 [INFO] Processing USC00259510  …
13:32:22 [INFO]   ↳ 0 new · 8,735 dup
13:32:22 [INFO] Processing USC00331072  …
13:32:23 [INFO]   ↳ 0 new · 10,957 dup
13:32:23 [INFO] Processing USC00331152  …
13:32:24 [INFO]   ↳ 0 new · 8,886 dup
13:32:24 [INFO] Processing USC00331541  …
13:32:25 [INFO]   ↳ 0 new · 10,957 dup
13:32:25 [INFO] Processing USC00331592  …
13:32:26 [INFO]   ↳ 0 new · 10,957 dup
13:32:26 [INFO] Processing USC00331890  …
13:32:26 [INFO]   ↳ 0 new · 10,772 dup
13:32:26 [INFO] Processing USC00332098  …
13:32:27 [INFO]   ↳ 0 new · 10,927 dup
13:32:27 [INFO] Processing USC00332119  …
13:32:28 [INFO]   ↳ 0 new · 5,722 dup
13:32:28 [INFO] Processing USC00332791  …
13:32:29 [INFO]   ↳ 0 new · 10,957 dup
13:32:29 [INFO] Processing USC00333375  …
13:32:30 [INFO]   ↳ 0 new · 10,926 dup
13:32:30 [INFO] Processing USC00333758  …
13:32:30 [INFO]   ↳ 0 new · 10,712 dup
13:32:30 [INFO] Processing USC00333780  …
13:32:31 [INFO]   ↳ 0 new · 10,927 dup
13:32:31 [INFO] Processing USC00334189  …
13:32:32 [INFO]   ↳ 0 new · 10,834 dup
13:32:32 [INFO] Processing USC00335041  …
13:32:33 [INFO]   ↳ 0 new · 10,896 dup
13:32:33 [INFO] Processing USC00335297  …
13:32:34 [INFO]   ↳ 0 new · 9,557 dup
13:32:34 [INFO] Processing USC00335315  …
13:32:35 [INFO]   ↳ 0 new · 9,768 dup
13:32:35 [INFO] Processing USC00336118  …
13:32:35 [INFO]   ↳ 0 new · 10,957 dup
13:32:35 [INFO] Processing USC00336196  …
13:32:36 [INFO]   ↳ 0 new · 10,957 dup
13:32:36 [INFO] Processing USC00336600  …
13:32:37 [INFO]   ↳ 0 new · 10,561 dup
13:32:37 [INFO] Processing USC00336781  …
13:32:38 [INFO]   ↳ 0 new · 10,927 dup
13:32:38 [INFO] Processing USC00338313  …
13:32:39 [INFO]   ↳ 0 new · 9,862 dup
13:32:39 [INFO] Processing USC00338534  …
13:32:40 [INFO]   ↳ 0 new · 10,469 dup
13:32:40 [INFO] Processing USC00338552  …
13:32:41 [INFO]   ↳ 0 new · 10,896 dup
13:32:41 [INFO] Processing USC00338769  …
13:32:41 [INFO]   ↳ 0 new · 10,957 dup
13:32:41 [INFO] Processing USC00338822  …
13:32:42 [INFO]   ↳ 0 new · 10,957 dup
13:32:42 [INFO] Processing USC00338830  …
13:32:43 [INFO]   ↳ 0 new · 10,957 dup
13:32:43 [INFO] Processing USC00339312  …
13:32:44 [INFO]   ↳ 0 new · 10,957 dup
13:32:44 [INFO] ✅  Done: 0 new · 1,729,957 dup · 160.8 s elapsed
16:10:54 [INFO] Processing USC00110072  …
16:10:55 [INFO]   ↳ 0 new · 10,865 dup
16:10:55 [INFO] Processing USC00110187  …
16:10:56 [INFO]   ↳ 0 new · 10,407 dup
16:10:56 [INFO] Processing USC00110338  …
16:10:56 [INFO]   ↳ 0 new · 10,712 dup
16:10:56 [INFO] Processing USC00111280  …
16:10:57 [INFO]   ↳ 0 new · 9,343 dup
16:10:57 [INFO] Processing USC00111436  …
16:10:57 [INFO]   ↳ 0 new · 10,744 dup
16:10:57 [INFO] Processing USC00112140  …
16:10:58 [INFO]   ↳ 0 new · 10,957 dup
16:10:58 [INFO] Processing USC00112193  …
16:10:58 [INFO]   ↳ 0 new · 10,653 dup
16:10:58 [INFO] Processing USC00112348  …
16:10:59 [INFO]   ↳ 0 new · 9,681 dup
16:10:59 [INFO] Processing USC00112483  …
16:10:59 [INFO]   ↳ 0 new · 10,898 dup
16:10:59 [INFO] Processing USC00113335  …
16:11:00 [INFO]   ↳ 0 new · 10,652 dup
16:11:00 [INFO] Processing USC00113879  …
16:11:00 [INFO]   ↳ 0 new · 9,074 dup
16:11:00 [INFO] Processing USC00114108  …
16:11:01 [INFO]   ↳ 0 new · 10,896 dup
16:11:01 [INFO] Processing USC00114198  …
16:11:02 [INFO]   ↳ 0 new · 10,926 dup
16:11:02 [INFO] Processing USC00114442  …
16:11:02 [INFO]   ↳ 0 new · 10,957 dup
16:11:02 [INFO] Processing USC00114823  …
16:11:03 [INFO]   ↳ 0 new · 10,929 dup
16:11:03 [INFO] Processing USC00115079  …
16:11:03 [INFO]   ↳ 0 new · 10,501 dup
16:11:03 [INFO] Processing USC00115326  …
16:11:04 [INFO]   ↳ 0 new · 10,077 dup
16:11:04 [INFO] Processing USC00115515  …
16:11:04 [INFO]   ↳ 0 new · 6,271 dup
16:11:04 [INFO] Processing USC00115712  …
16:11:05 [INFO]   ↳ 0 new · 10,957 dup
16:11:05 [INFO] Processing USC00115768  …
16:11:05 [INFO]   ↳ 0 new · 10,745 dup
16:11:05 [INFO] Processing USC00115833  …
16:11:06 [INFO]   ↳ 0 new · 10,866 dup
16:11:06 [INFO] Processing USC00115901  …
16:11:06 [INFO]   ↳ 0 new · 10,957 dup
16:11:06 [INFO] Processing USC00115943  …
16:11:07 [INFO]   ↳ 0 new · 10,957 dup
16:11:07 [INFO] Processing USC00116446  …
16:11:08 [INFO]   ↳ 0 new · 10,654 dup
16:11:08 [INFO] Processing USC00116526  …
16:11:08 [INFO]   ↳ 0 new · 10,926 dup
16:11:08 [INFO] Processing USC00116558  …
16:11:09 [INFO]   ↳ 0 new · 10,804 dup
16:11:09 [INFO] Processing USC00116579  …
16:11:09 [INFO]   ↳ 0 new · 10,407 dup
16:11:09 [INFO] Processing USC00116610  …
16:11:10 [INFO]   ↳ 0 new · 10,957 dup
16:11:10 [INFO] Processing USC00116738  …
16:11:10 [INFO]   ↳ 0 new · 8,126 dup
16:11:10 [INFO] Processing USC00116910  …
16:11:11 [INFO]   ↳ 0 new · 10,898 dup
16:11:11 [INFO] Processing USC00117551  …
16:11:11 [INFO]   ↳ 0 new · 10,803 dup
16:11:11 [INFO] Processing USC00118147  …
16:11:12 [INFO]   ↳ 0 new · 9,896 dup
16:11:12 [INFO] Processing USC00118740  …
16:11:13 [INFO]   ↳ 0 new · 10,957 dup
16:11:13 [INFO] Processing USC00118916  …
16:11:13 [INFO]   ↳ 0 new · 10,865 dup
16:11:13 [INFO] Processing USC00119241  …
16:11:14 [INFO]   ↳ 0 new · 10,869 dup
16:11:14 [INFO] Processing USC00119354  …
16:11:14 [INFO]   ↳ 0 new · 10,896 dup
16:11:14 [INFO] Processing USC00120177  …
16:11:15 [INFO]   ↳ 0 new · 10,837 dup
16:11:15 [INFO] Processing USC00120200  …
16:11:15 [INFO]   ↳ 0 new · 10,927 dup
16:11:15 [INFO] Processing USC00120676  …
16:11:16 [INFO]   ↳ 0 new · 10,652 dup
16:11:16 [INFO] Processing USC00120784  …
16:11:17 [INFO]   ↳ 0 new · 10,897 dup
16:11:17 [INFO] Processing USC00121030  …
16:11:17 [INFO]   ↳ 0 new · 10,135 dup
16:11:17 [INFO] Processing USC00121229  …
16:11:17 [INFO]   ↳ 0 new · 6,087 dup
16:11:17 [INFO] Processing USC00121425  …
16:11:18 [INFO]   ↳ 0 new · 5,811 dup
16:11:18 [INFO] Processing USC00121747  …
16:11:18 [INFO]   ↳ 0 new · 10,957 dup
16:11:18 [INFO] Processing USC00121873  …
16:11:19 [INFO]   ↳ 0 new · 10,742 dup
16:11:19 [INFO] Processing USC00122149  …
16:11:19 [INFO]   ↳ 0 new · 9,554 dup
16:11:19 [INFO] Processing USC00123418  …
16:11:20 [INFO]   ↳ 0 new · 10,957 dup
16:11:20 [INFO] Processing USC00123513  …
16:11:21 [INFO]   ↳ 0 new · 10,347 dup
16:11:21 [INFO] Processing USC00123527  …
16:11:21 [INFO]   ↳ 0 new · 10,896 dup
16:11:21 [INFO] Processing USC00124008  …
16:11:21 [INFO]   ↳ 0 new · 5,476 dup
16:11:21 [INFO] Processing USC00124181  …
16:11:22 [INFO]   ↳ 0 new · 10,681 dup
16:11:22 [INFO] Processing USC00124837  …
16:11:23 [INFO]   ↳ 0 new · 10,866 dup
16:11:23 [INFO] Processing USC00125237  …
16:11:23 [INFO]   ↳ 0 new · 10,865 dup
16:11:23 [INFO] Processing USC00125337  …
16:11:24 [INFO]   ↳ 0 new · 10,926 dup
16:11:24 [INFO] Processing USC00126001  …
16:11:24 [INFO]   ↳ 0 new · 10,562 dup
16:11:24 [INFO] Processing USC00126580  …
16:11:25 [INFO]   ↳ 0 new · 10,899 dup
16:11:25 [INFO] Processing USC00126705  …
16:11:25 [INFO]   ↳ 0 new · 10,598 dup
16:11:25 [INFO] Processing USC00127125  …
16:11:26 [INFO]   ↳ 0 new · 10,804 dup
16:11:26 [INFO] Processing USC00127298  …
16:11:27 [INFO]   ↳ 0 new · 10,957 dup
16:11:27 [INFO] Processing USC00127482  …
16:11:27 [INFO]   ↳ 0 new · 10,957 dup
16:11:27 [INFO] Processing USC00127522  …
16:11:28 [INFO]   ↳ 0 new · 10,926 dup
16:11:28 [INFO] Processing USC00127646  …
16:11:28 [INFO]   ↳ 0 new · 10,957 dup
16:11:28 [INFO] Processing USC00127755  …
16:11:29 [INFO]   ↳ 0 new · 8,467 dup
16:11:29 [INFO] Processing USC00127875  …
16:11:29 [INFO]   ↳ 0 new · 8,219 dup
16:11:29 [INFO] Processing USC00127935  …
16:11:30 [INFO]   ↳ 0 new · 10,380 dup
16:11:30 [INFO] Processing USC00128036  …
16:11:30 [INFO]   ↳ 0 new · 10,835 dup
16:11:30 [INFO] Processing USC00129080  …
16:11:31 [INFO]   ↳ 0 new · 7,609 dup
16:11:31 [INFO] Processing USC00129113  …
16:11:31 [INFO]   ↳ 0 new · 10,927 dup
16:11:31 [INFO] Processing USC00129253  …
16:11:32 [INFO]   ↳ 0 new · 10,468 dup
16:11:32 [INFO] Processing USC00129511  …
16:11:32 [INFO]   ↳ 0 new · 6,849 dup
16:11:32 [INFO] Processing USC00129557  …
16:11:33 [INFO]   ↳ 0 new · 10,957 dup
16:11:33 [INFO] Processing USC00129670  …
16:11:33 [INFO]   ↳ 0 new · 10,957 dup
16:11:33 [INFO] Processing USC00130112  …
16:11:34 [INFO]   ↳ 0 new · 10,806 dup
16:11:34 [INFO] Processing USC00130133  …
16:11:35 [INFO]   ↳ 0 new · 10,957 dup
16:11:35 [INFO] Processing USC00130600  …
16:11:35 [INFO]   ↳ 0 new · 10,928 dup
16:11:35 [INFO] Processing USC00131402  …
16:11:36 [INFO]   ↳ 0 new · 10,957 dup
16:11:36 [INFO] Processing USC00131533  …
16:11:36 [INFO]   ↳ 0 new · 10,957 dup
16:11:36 [INFO] Processing USC00131635  …
16:11:37 [INFO]   ↳ 0 new · 10,957 dup
16:11:37 [INFO] Processing USC00132724  …
16:11:38 [INFO]   ↳ 0 new · 10,836 dup
16:11:38 [INFO] Processing USC00132789  …
16:11:38 [INFO]   ↳ 0 new · 10,957 dup
16:11:38 [INFO] Processing USC00132864  …
16:11:39 [INFO]   ↳ 0 new · 10,957 dup
16:11:39 [INFO] Processing USC00132977  …
16:11:39 [INFO]   ↳ 0 new · 10,957 dup
16:11:39 [INFO] Processing USC00132999  …
16:11:40 [INFO]   ↳ 0 new · 10,804 dup
16:11:40 [INFO] Processing USC00134063  …
16:11:41 [INFO]   ↳ 0 new · 10,714 dup
16:11:41 [INFO] Processing USC00134142  …
16:11:41 [INFO]   ↳ 0 new · 10,807 dup
16:11:41 [INFO] Processing USC00134735  …
16:11:42 [INFO]   ↳ 0 new · 10,928 dup
16:11:42 [INFO] Processing USC00134894  …
16:11:44 [INFO]   ↳ 0 new · 10,867 dup
16:11:44 [INFO] Processing USC00135769  …
16:11:45 [INFO]   ↳ 0 new · 10,833 dup
16:11:45 [INFO] Processing USC00135796  …
16:11:46 [INFO]   ↳ 0 new · 10,957 dup
16:11:46 [INFO] Processing USC00135952  …
16:11:47 [INFO]   ↳ 0 new · 10,899 dup
16:11:47 [INFO] Processing USC00137147  …
16:11:48 [INFO]   ↳ 0 new · 10,957 dup
16:11:48 [INFO] Processing USC00137161  …
16:11:49 [INFO]   ↳ 0 new · 10,957 dup
16:11:49 [INFO] Processing USC00137979  …
16:11:50 [INFO]   ↳ 0 new · 10,926 dup
16:11:50 [INFO] Processing USC00138296  …
16:11:51 [INFO]   ↳ 0 new · 10,837 dup
16:11:51 [INFO] Processing USC00138688  …
16:11:52 [INFO]   ↳ 0 new · 10,957 dup
16:11:52 [INFO] Processing USC00250070  …
16:11:53 [INFO]   ↳ 0 new · 8,918 dup
16:11:53 [INFO] Processing USC00250130  …
16:11:54 [INFO]   ↳ 0 new · 9,587 dup
16:11:54 [INFO] Processing USC00250375  …
16:11:55 [INFO]   ↳ 0 new · 10,835 dup
16:11:55 [INFO] Processing USC00250420  …
16:11:56 [INFO]   ↳ 0 new · 10,379 dup
16:11:56 [INFO] Processing USC00250435  …
16:11:57 [INFO]   ↳ 0 new · 10,957 dup
16:11:57 [INFO] Processing USC00250622  …
16:11:58 [INFO]   ↳ 0 new · 10,896 dup
16:11:58 [INFO] Processing USC00250640  …
16:11:59 [INFO]   ↳ 0 new · 10,957 dup
16:11:59 [INFO] Processing USC00251145  …
16:12:00 [INFO]   ↳ 0 new · 10,836 dup
16:12:00 [INFO] Processing USC00251200  …
16:12:00 [INFO]   ↳ 0 new · 10,805 dup
16:12:00 [INFO] Processing USC00252020  …
16:12:01 [INFO]   ↳ 0 new · 10,746 dup
16:12:01 [INFO] Processing USC00252100  …
16:12:02 [INFO]   ↳ 0 new · 10,713 dup
16:12:02 [INFO] Processing USC00252205  …
16:12:02 [INFO]   ↳ 0 new · 10,926 dup
16:12:02 [INFO] Processing USC00252820  …
16:12:03 [INFO]   ↳ 0 new · 10,896 dup
16:12:03 [INFO] Processing USC00252840  …
16:12:03 [INFO]   ↳ 0 new · 9,771 dup
16:12:03 [INFO] Processing USC00253035  …
16:12:03 [INFO]   ↳ 0 new · 2,069 dup
16:12:03 [INFO] Processing USC00253175  …
16:12:04 [INFO]   ↳ 0 new · 10,957 dup
16:12:04 [INFO] Processing USC00253185  …
16:12:05 [INFO]   ↳ 0 new · 10,957 dup
16:12:05 [INFO] Processing USC00253365  …
16:12:05 [INFO]   ↳ 0 new · 10,926 dup
16:12:05 [INFO] Processing USC00253615  …
16:12:06 [INFO]   ↳ 0 new · 10,927 dup
16:12:06 [INFO] Processing USC00253630  …
16:12:06 [INFO]   ↳ 0 new · 10,927 dup
16:12:06 [INFO] Processing USC00253660  …
16:12:07 [INFO]   ↳ 0 new · 10,896 dup
16:12:07 [INFO] Processing USC00253715  …
16:12:07 [INFO]   ↳ 0 new · 8,521 dup
16:12:07 [INFO] Processing USC00253735  …
16:12:08 [INFO]   ↳ 0 new · 10,868 dup
16:12:08 [INFO] Processing USC00253910  …
16:12:08 [INFO]   ↳ 0 new · 10,957 dup
16:12:08 [INFO] Processing USC00254110  …
16:12:09 [INFO]   ↳ 0 new · 10,683 dup
16:12:09 [INFO] Processing USC00254440  …
16:12:10 [INFO]   ↳ 0 new · 10,866 dup
16:12:10 [INFO] Processing USC00254900  …
16:12:10 [INFO]   ↳ 0 new · 10,927 dup
16:12:10 [INFO] Processing USC00254985  …
16:12:11 [INFO]   ↳ 0 new · 9,861 dup
16:12:11 [INFO] Processing USC00255080  …
16:12:11 [INFO]   ↳ 0 new · 9,556 dup
16:12:11 [INFO] Processing USC00255310  …
16:12:12 [INFO]   ↳ 0 new · 10,926 dup
16:12:12 [INFO] Processing USC00255470  …
16:12:12 [INFO]   ↳ 0 new · 8,489 dup
16:12:12 [INFO] Processing USC00255565  …
16:12:13 [INFO]   ↳ 0 new · 10,957 dup
16:12:13 [INFO] Processing USC00256040  …
16:12:13 [INFO]   ↳ 0 new · 9,009 dup
16:12:13 [INFO] Processing USC00256135  …
16:12:14 [INFO]   ↳ 0 new · 10,957 dup
16:12:14 [INFO] Processing USC00256570  …
16:12:14 [INFO]   ↳ 0 new · 10,836 dup
16:12:14 [INFO] Processing USC00256970  …
16:12:15 [INFO]   ↳ 0 new · 10,017 dup
16:12:15 [INFO] Processing USC00257070  …
16:12:15 [INFO]   ↳ 0 new · 10,926 dup
16:12:15 [INFO] Processing USC00257515  …
16:12:16 [INFO]   ↳ 0 new · 10,075 dup
16:12:16 [INFO] Processing USC00257715  …
16:12:17 [INFO]   ↳ 0 new · 10,957 dup
16:12:17 [INFO] Processing USC00258133  …
16:12:17 [INFO]   ↳ 0 new · 9,225 dup
16:12:17 [INFO] Processing USC00258395  …
16:12:18 [INFO]   ↳ 0 new · 10,957 dup
16:12:18 [INFO] Processing USC00258465  …
16:12:18 [INFO]   ↳ 0 new · 10,684 dup
16:12:18 [INFO] Processing USC00258480  …
16:12:19 [INFO]   ↳ 0 new · 10,808 dup
16:12:19 [INFO] Processing USC00258915  …
16:12:19 [INFO]   ↳ 0 new · 10,957 dup
16:12:19 [INFO] Processing USC00259090  …
16:12:20 [INFO]   ↳ 0 new · 9,374 dup
16:12:20 [INFO] Processing USC00259510  …
16:12:20 [INFO]   ↳ 0 new · 8,735 dup
16:12:20 [INFO] Processing USC00331072  …
16:12:21 [INFO]   ↳ 0 new · 10,957 dup
16:12:21 [INFO] Processing USC00331152  …
16:12:21 [INFO]   ↳ 0 new · 8,886 dup
16:12:21 [INFO] Processing USC00331541  …
16:12:22 [INFO]   ↳ 0 new · 10,957 dup
16:12:22 [INFO] Processing USC00331592  …
16:12:23 [INFO]   ↳ 0 new · 10,957 dup
16:12:23 [INFO] Processing USC00331890  …
16:12:23 [INFO]   ↳ 0 new · 10,772 dup
16:12:23 [INFO] Processing USC00332098  …
16:12:24 [INFO]   ↳ 0 new · 10,927 dup
16:12:24 [INFO] Processing USC00332119  …
16:12:24 [INFO]   ↳ 0 new · 5,722 dup
16:12:24 [INFO] Processing USC00332791  …
16:12:25 [INFO]   ↳ 0 new · 10,957 dup
16:12:25 [INFO] Processing USC00333375  …
16:12:25 [INFO]   ↳ 0 new · 10,926 dup
16:12:25 [INFO] Processing USC00333758  …
16:12:26 [INFO]   ↳ 0 new · 10,712 dup
16:12:26 [INFO] Processing USC00333780  …
16:12:27 [INFO]   ↳ 0 new · 10,927 dup
16:12:27 [INFO] Processing USC00334189  …
16:12:27 [INFO]   ↳ 0 new · 10,834 dup
16:12:27 [INFO] Processing USC00335041  …
16:12:28 [INFO]   ↳ 0 new · 10,896 dup
16:12:28 [INFO] Processing USC00335297  …
16:12:28 [INFO]   ↳ 0 new · 9,557 dup
16:12:28 [INFO] Processing USC00335315  …
16:12:29 [INFO]   ↳ 0 new · 9,768 dup
16:12:29 [INFO] Processing USC00336118  …
16:12:29 [INFO]   ↳ 0 new · 10,957 dup
16:12:29 [INFO] Processing USC00336196  …
16:12:30 [INFO]   ↳ 0 new · 10,957 dup
16:12:30 [INFO] Processing USC00336600  …
16:12:30 [INFO]   ↳ 0 new · 10,561 dup
16:12:30 [INFO] Processing USC00336781  …
16:12:31 [INFO]   ↳ 0 new · 10,927 dup
16:12:31 [INFO] Processing USC00338313  …
16:12:32 [INFO]   ↳ 0 new · 9,862 dup
16:12:32 [INFO] Processing USC00338534  …
16:12:32 [INFO]   ↳ 0 new · 10,469 dup
16:12:32 [INFO] Processing USC00338552  …
16:12:33 [INFO]   ↳ 0 new · 10,896 dup
16:12:33 [INFO] Processing USC00338769  …
16:12:33 [INFO]   ↳ 0 new · 10,957 dup
16:12:33 [INFO] Processing USC00338822  …
16:12:34 [INFO]   ↳ 0 new · 10,957 dup
16:12:34 [INFO] Processing USC00338830  …
16:12:35 [INFO]   ↳ 0 new · 10,957 dup
16:12:35 [INFO] Processing USC00339312  …
16:12:35 [INFO]   ↳ 0 new · 10,957 dup
16:12:35 [INFO] Done: 0 new · 1,729,957 dup · 100.7 s elapsed
16:48:48 [INFO] Processing USC00110072  …
16:48:48 [INFO]   ↳ 0 new · 10,865 dup
16:48:48 [INFO] Processing USC00110187  …
16:48:49 [INFO]   ↳ 0 new · 10,407 dup
16:48:49 [INFO] Processing USC00110338  …
16:48:49 [INFO]   ↳ 0 new · 10,712 dup
16:48:49 [INFO] Processing USC00111280  …
16:48:50 [INFO]   ↳ 0 new · 9,343 dup
16:48:50 [INFO] Processing USC00111436  …
16:48:51 [INFO]   ↳ 0 new · 10,744 dup
16:48:51 [INFO] Processing USC00112140  …
16:48:51 [INFO]   ↳ 0 new · 10,957 dup
16:48:51 [INFO] Processing USC00112193  …
16:48:52 [INFO]   ↳ 0 new · 10,653 dup
16:48:52 [INFO] Processing USC00112348  …
16:48:52 [INFO]   ↳ 0 new · 9,681 dup
16:48:52 [INFO] Processing USC00112483  …
16:48:53 [INFO]   ↳ 0 new · 10,898 dup
16:48:53 [INFO] Processing USC00113335  …
16:48:54 [INFO]   ↳ 0 new · 10,652 dup
16:48:54 [INFO] Processing USC00113879  …
16:48:54 [INFO]   ↳ 0 new · 9,074 dup
16:48:54 [INFO] Processing USC00114108  …
16:48:55 [INFO]   ↳ 0 new · 10,896 dup
16:48:55 [INFO] Processing USC00114198  …
16:48:55 [INFO]   ↳ 0 new · 10,926 dup
16:48:55 [INFO] Processing USC00114442  …
16:48:56 [INFO]   ↳ 0 new · 10,957 dup
16:48:56 [INFO] Processing USC00114823  …
16:48:56 [INFO]   ↳ 0 new · 10,929 dup
16:48:56 [INFO] Processing USC00115079  …
16:48:57 [INFO]   ↳ 0 new · 10,501 dup
16:48:57 [INFO] Processing USC00115326  …
16:48:57 [INFO]   ↳ 0 new · 10,077 dup
16:48:57 [INFO] Processing USC00115515  …
16:48:58 [INFO]   ↳ 0 new · 6,271 dup
16:48:58 [INFO] Processing USC00115712  …
16:48:58 [INFO]   ↳ 0 new · 10,957 dup
16:48:58 [INFO] Processing USC00115768  …
16:48:59 [INFO]   ↳ 0 new · 10,745 dup
16:48:59 [INFO] Processing USC00115833  …
16:49:00 [INFO]   ↳ 0 new · 10,866 dup
16:49:00 [INFO] Processing USC00115901  …
16:49:00 [INFO]   ↳ 0 new · 10,957 dup
16:49:00 [INFO] Processing USC00115943  …
16:49:01 [INFO]   ↳ 0 new · 10,957 dup
16:49:01 [INFO] Processing USC00116446  …
16:49:01 [INFO]   ↳ 0 new · 10,654 dup
16:49:01 [INFO] Processing USC00116526  …
16:49:02 [INFO]   ↳ 0 new · 10,926 dup
16:49:02 [INFO] Processing USC00116558  …
16:49:03 [INFO]   ↳ 0 new · 10,804 dup
16:49:03 [INFO] Processing USC00116579  …
16:49:03 [INFO]   ↳ 0 new · 10,407 dup
16:49:03 [INFO] Processing USC00116610  …
16:49:04 [INFO]   ↳ 0 new · 10,957 dup
16:49:04 [INFO] Processing USC00116738  …
16:49:04 [INFO]   ↳ 0 new · 8,126 dup
16:49:04 [INFO] Processing USC00116910  …
16:49:05 [INFO]   ↳ 0 new · 10,898 dup
16:49:05 [INFO] Processing USC00117551  …
16:49:05 [INFO]   ↳ 0 new · 10,803 dup
16:49:05 [INFO] Processing USC00118147  …
16:49:06 [INFO]   ↳ 0 new · 9,896 dup
16:49:06 [INFO] Processing USC00118740  …
16:49:07 [INFO]   ↳ 0 new · 10,957 dup
16:49:07 [INFO] Processing USC00118916  …
16:49:07 [INFO]   ↳ 0 new · 10,865 dup
16:49:07 [INFO] Processing USC00119241  …
16:49:08 [INFO]   ↳ 0 new · 10,869 dup
16:49:08 [INFO] Processing USC00119354  …
16:49:08 [INFO]   ↳ 0 new · 10,896 dup
16:49:08 [INFO] Processing USC00120177  …
16:49:09 [INFO]   ↳ 0 new · 10,837 dup
16:49:09 [INFO] Processing USC00120200  …
16:49:09 [INFO]   ↳ 0 new · 10,927 dup
16:49:09 [INFO] Processing USC00120676  …
16:49:10 [INFO]   ↳ 0 new · 10,652 dup
16:49:10 [INFO] Processing USC00120784  …
16:49:11 [INFO]   ↳ 0 new · 10,897 dup
16:49:11 [INFO] Processing USC00121030  …
16:49:11 [INFO]   ↳ 0 new · 10,135 dup
16:49:11 [INFO] Processing USC00121229  …
16:49:12 [INFO]   ↳ 0 new · 6,087 dup
16:49:12 [INFO] Processing USC00121425  …
16:49:12 [INFO]   ↳ 0 new · 5,811 dup
16:49:12 [INFO] Processing USC00121747  …
16:49:12 [INFO]   ↳ 0 new · 10,957 dup
16:49:12 [INFO] Processing USC00121873  …
16:49:13 [INFO]   ↳ 0 new · 10,742 dup
16:49:13 [INFO] Processing USC00122149  …
16:49:14 [INFO]   ↳ 0 new · 9,554 dup
16:49:14 [INFO] Processing USC00123418  …
16:49:14 [INFO]   ↳ 0 new · 10,957 dup
16:49:14 [INFO] Processing USC00123513  …
16:49:15 [INFO]   ↳ 0 new · 10,347 dup
16:49:15 [INFO] Processing USC00123527  …
16:49:15 [INFO]   ↳ 0 new · 10,896 dup
16:49:15 [INFO] Processing USC00124008  …
16:49:15 [WARNING] Interrupted by user – partial commits saved.
16:51:47 [INFO] Processing USC00110072  …
16:51:48 [INFO]   ↳ 0 new · 10,865 dup
16:51:48 [INFO] Processing USC00110187  …
16:51:48 [INFO]   ↳ 0 new · 10,407 dup
16:51:48 [INFO] Processing USC00110338  …
16:51:49 [INFO]   ↳ 0 new · 10,712 dup
16:51:49 [INFO] Processing USC00111280  …
16:51:49 [INFO]   ↳ 0 new · 9,343 dup
16:51:49 [INFO] Processing USC00111436  …
16:51:50 [WARNING] Interrupted by user – partial commits saved.
16:51:57 [INFO] Processing USC00110072  …
16:51:57 [INFO]   ↳ 0 new · 10,865 dup
16:51:57 [INFO] Processing USC00110187  …
16:51:58 [INFO]   ↳ 0 new · 10,407 dup
16:51:58 [INFO] Processing USC00110338  …
16:51:59 [INFO]   ↳ 0 new · 10,712 dup
16:51:59 [INFO] Processing USC00111280  …
16:51:59 [INFO]   ↳ 0 new · 9,343 dup
16:51:59 [INFO] Processing USC00111436  …
16:52:00 [INFO]   ↳ 0 new · 10,744 dup
16:52:00 [INFO] Processing USC00112140  …
16:52:00 [INFO]   ↳ 0 new · 10,957 dup
16:52:00 [INFO] Processing USC00112193  …
16:52:01 [INFO]   ↳ 0 new · 10,653 dup
16:52:01 [INFO] Processing USC00112348  …
16:52:01 [INFO]   ↳ 0 new · 9,681 dup
16:52:01 [INFO] Processing USC00112483  …
16:52:02 [INFO]   ↳ 0 new · 10,898 dup
16:52:02 [INFO] Processing USC00113335  …
16:52:03 [INFO]   ↳ 0 new · 10,652 dup
16:52:03 [INFO] Processing USC00113879  …
16:52:03 [INFO]   ↳ 0 new · 9,074 dup
16:52:03 [INFO] Processing USC00114108  …
16:52:04 [INFO]   ↳ 0 new · 10,896 dup
16:52:04 [INFO] Processing USC00114198  …
16:52:04 [INFO]   ↳ 0 new · 10,926 dup
16:52:04 [INFO] Processing USC00114442  …
16:52:05 [INFO]   ↳ 0 new · 10,957 dup
16:52:05 [INFO] Processing USC00114823  …
16:52:05 [INFO]   ↳ 0 new · 10,929 dup
16:52:05 [INFO] Processing USC00115079  …
16:52:06 [INFO]   ↳ 0 new · 10,501 dup
16:52:06 [INFO] Processing USC00115326  …
16:52:07 [INFO]   ↳ 0 new · 10,077 dup
16:52:07 [INFO] Processing USC00115515  …
16:52:07 [INFO]   ↳ 0 new · 6,271 dup
16:52:07 [INFO] Processing USC00115712  …
16:52:08 [INFO]   ↳ 0 new · 10,957 dup
16:52:08 [INFO] Processing USC00115768  …
16:52:08 [INFO]   ↳ 0 new · 10,745 dup
16:52:08 [INFO] Processing USC00115833  …
16:52:09 [INFO]   ↳ 0 new · 10,866 dup
16:52:09 [INFO] Processing USC00115901  …
16:52:09 [INFO]   ↳ 0 new · 10,957 dup
16:52:09 [INFO] Processing USC00115943  …
16:52:10 [INFO]   ↳ 0 new · 10,957 dup
16:52:10 [INFO] Processing USC00116446  …
16:52:10 [INFO]   ↳ 0 new · 10,654 dup
16:52:10 [INFO] Processing USC00116526  …
16:52:11 [INFO]   ↳ 0 new · 10,926 dup
16:52:11 [INFO] Processing USC00116558  …
16:52:12 [INFO]   ↳ 0 new · 10,804 dup
16:52:12 [INFO] Processing USC00116579  …
16:52:12 [INFO]   ↳ 0 new · 10,407 dup
16:52:12 [INFO] Processing USC00116610  …
16:52:13 [INFO]   ↳ 0 new · 10,957 dup
16:52:13 [INFO] Processing USC00116738  …
16:52:13 [INFO]   ↳ 0 new · 8,126 dup
16:52:13 [INFO] Processing USC00116910  …
16:52:14 [INFO]   ↳ 0 new · 10,898 dup
16:52:14 [INFO] Processing USC00117551  …
16:52:14 [INFO]   ↳ 0 new · 10,803 dup
16:52:14 [INFO] Processing USC00118147  …
16:52:15 [INFO]   ↳ 0 new · 9,896 dup
16:52:15 [INFO] Processing USC00118740  …
16:52:16 [INFO]   ↳ 0 new · 10,957 dup
16:52:16 [INFO] Processing USC00118916  …
16:52:16 [INFO]   ↳ 0 new · 10,865 dup
16:52:16 [INFO] Processing USC00119241  …
16:52:17 [INFO]   ↳ 0 new · 10,869 dup
16:52:17 [INFO] Processing USC00119354  …
16:52:17 [INFO]   ↳ 0 new · 10,896 dup
16:52:17 [INFO] Processing USC00120177  …
16:52:18 [INFO]   ↳ 0 new · 10,837 dup
16:52:18 [INFO] Processing USC00120200  …
16:52:19 [INFO]   ↳ 0 new · 10,927 dup
16:52:19 [INFO] Processing USC00120676  …
16:52:19 [INFO]   ↳ 0 new · 10,652 dup
16:52:19 [INFO] Processing USC00120784  …
16:52:20 [INFO]   ↳ 0 new · 10,897 dup
16:52:20 [INFO] Processing USC00121030  …
16:52:20 [INFO]   ↳ 0 new · 10,135 dup
16:52:20 [INFO] Processing USC00121229  …
16:52:21 [INFO]   ↳ 0 new · 6,087 dup
16:52:21 [INFO] Processing USC00121425  …
16:52:21 [INFO]   ↳ 0 new · 5,811 dup
16:52:21 [INFO] Processing USC00121747  …
16:52:22 [INFO]   ↳ 0 new · 10,957 dup
16:52:22 [INFO] Processing USC00121873  …
16:52:22 [INFO]   ↳ 0 new · 10,742 dup
16:52:22 [INFO] Processing USC00122149  …
16:52:23 [INFO]   ↳ 0 new · 9,554 dup
16:52:23 [INFO] Processing USC00123418  …
16:52:23 [INFO]   ↳ 0 new · 10,957 dup
16:52:23 [INFO] Processing USC00123513  …
16:52:24 [INFO]   ↳ 0 new · 10,347 dup
16:52:24 [INFO] Processing USC00123527  …
16:52:25 [INFO]   ↳ 0 new · 10,896 dup
16:52:25 [INFO] Processing USC00124008  …
16:52:25 [INFO]   ↳ 0 new · 5,476 dup
16:52:25 [INFO] Processing USC00124181  …
16:52:26 [INFO]   ↳ 0 new · 10,681 dup
16:52:26 [INFO] Processing USC00124837  …
16:52:26 [INFO]   ↳ 0 new · 10,866 dup
16:52:26 [INFO] Processing USC00125237  …
16:52:27 [INFO]   ↳ 0 new · 10,865 dup
16:52:27 [INFO] Processing USC00125337  …
16:52:28 [INFO]   ↳ 0 new · 10,926 dup
16:52:28 [INFO] Processing USC00126001  …
16:52:28 [INFO]   ↳ 0 new · 10,562 dup
16:52:28 [INFO] Processing USC00126580  …
16:52:29 [INFO]   ↳ 0 new · 10,899 dup
16:52:29 [INFO] Processing USC00126705  …
16:52:29 [INFO]   ↳ 0 new · 10,598 dup
16:52:29 [INFO] Processing USC00127125  …
16:52:30 [INFO]   ↳ 0 new · 10,804 dup
16:52:30 [INFO] Processing USC00127298  …
16:52:31 [INFO]   ↳ 0 new · 10,957 dup
16:52:31 [INFO] Processing USC00127482  …
16:52:31 [INFO]   ↳ 0 new · 10,957 dup
16:52:31 [INFO] Processing USC00127522  …
16:52:32 [INFO]   ↳ 0 new · 10,926 dup
16:52:32 [INFO] Processing USC00127646  …
16:52:33 [INFO]   ↳ 0 new · 10,957 dup
16:52:33 [INFO] Processing USC00127755  …
16:52:33 [INFO]   ↳ 0 new · 8,467 dup
16:52:33 [INFO] Processing USC00127875  …
16:52:34 [INFO]   ↳ 0 new · 8,219 dup
16:52:34 [INFO] Processing USC00127935  …
16:52:34 [INFO]   ↳ 0 new · 10,380 dup
16:52:34 [INFO] Processing USC00128036  …
16:52:35 [INFO]   ↳ 0 new · 10,835 dup
16:52:35 [INFO] Processing USC00129080  …
16:52:35 [INFO]   ↳ 0 new · 7,609 dup
16:52:35 [INFO] Processing USC00129113  …
16:52:36 [INFO]   ↳ 0 new · 10,927 dup
16:52:36 [INFO] Processing USC00129253  …
16:52:37 [INFO]   ↳ 0 new · 10,468 dup
16:52:37 [INFO] Processing USC00129511  …
16:52:38 [INFO]   ↳ 0 new · 6,849 dup
16:52:38 [INFO] Processing USC00129557  …
16:52:39 [INFO]   ↳ 0 new · 10,957 dup
16:52:39 [INFO] Processing USC00129670  …
16:52:41 [INFO]   ↳ 0 new · 10,957 dup
16:52:41 [INFO] Processing USC00130112  …
16:52:42 [INFO]   ↳ 0 new · 10,806 dup
16:52:42 [INFO] Processing USC00130133  …
16:52:43 [INFO]   ↳ 0 new · 10,957 dup
16:52:43 [INFO] Processing USC00130600  …
16:52:44 [INFO]   ↳ 0 new · 10,928 dup
16:52:44 [INFO] Processing USC00131402  …
16:52:45 [INFO]   ↳ 0 new · 10,957 dup
16:52:45 [INFO] Processing USC00131533  …
16:52:45 [INFO]   ↳ 0 new · 10,957 dup
16:52:45 [INFO] Processing USC00131635  …
16:52:46 [INFO]   ↳ 0 new · 10,957 dup
16:52:46 [INFO] Processing USC00132724  …
16:52:47 [INFO]   ↳ 0 new · 10,836 dup
16:52:47 [INFO] Processing USC00132789  …
16:52:47 [INFO]   ↳ 0 new · 10,957 dup
16:52:47 [INFO] Processing USC00132864  …
16:52:48 [INFO]   ↳ 0 new · 10,957 dup
16:52:48 [INFO] Processing USC00132977  …
16:52:49 [INFO]   ↳ 0 new · 10,957 dup
16:52:49 [INFO] Processing USC00132999  …
16:52:49 [INFO]   ↳ 0 new · 10,804 dup
16:52:49 [INFO] Processing USC00134063  …
16:52:50 [INFO]   ↳ 0 new · 10,714 dup
16:52:50 [INFO] Processing USC00134142  …
16:52:51 [INFO]   ↳ 0 new · 10,807 dup
16:52:51 [INFO] Processing USC00134735  …
16:52:51 [INFO]   ↳ 0 new · 10,928 dup
16:52:51 [INFO] Processing USC00134894  …
16:52:52 [INFO]   ↳ 0 new · 10,867 dup
16:52:52 [INFO] Processing USC00135769  …
16:52:53 [INFO]   ↳ 0 new · 10,833 dup
16:52:53 [INFO] Processing USC00135796  …
16:52:53 [INFO]   ↳ 0 new · 10,957 dup
16:52:53 [INFO] Processing USC00135952  …
16:52:54 [INFO]   ↳ 0 new · 10,899 dup
16:52:54 [INFO] Processing USC00137147  …
16:52:54 [INFO]   ↳ 0 new · 10,957 dup
16:52:54 [INFO] Processing USC00137161  …
16:52:55 [INFO]   ↳ 0 new · 10,957 dup
16:52:55 [INFO] Processing USC00137979  …
16:52:56 [INFO]   ↳ 0 new · 10,926 dup
16:52:56 [INFO] Processing USC00138296  …
16:52:56 [INFO]   ↳ 0 new · 10,837 dup
16:52:56 [INFO] Processing USC00138688  …
16:52:57 [INFO]   ↳ 0 new · 10,957 dup
16:52:57 [INFO] Processing USC00250070  …
16:52:57 [INFO]   ↳ 0 new · 8,918 dup
16:52:57 [INFO] Processing USC00250130  …
16:52:58 [INFO]   ↳ 0 new · 9,587 dup
16:52:58 [INFO] Processing USC00250375  …
16:52:59 [INFO]   ↳ 0 new · 10,835 dup
16:52:59 [INFO] Processing USC00250420  …
16:52:59 [INFO]   ↳ 0 new · 10,379 dup
16:52:59 [INFO] Processing USC00250435  …
16:53:00 [INFO]   ↳ 0 new · 10,957 dup
16:53:00 [INFO] Processing USC00250622  …
16:53:00 [INFO]   ↳ 0 new · 10,896 dup
16:53:00 [INFO] Processing USC00250640  …
16:53:01 [INFO]   ↳ 0 new · 10,957 dup
16:53:01 [INFO] Processing USC00251145  …
16:53:02 [INFO]   ↳ 0 new · 10,836 dup
16:53:02 [INFO] Processing USC00251200  …
16:53:02 [INFO]   ↳ 0 new · 10,805 dup
16:53:02 [INFO] Processing USC00252020  …
16:53:03 [INFO]   ↳ 0 new · 10,746 dup
16:53:03 [INFO] Processing USC00252100  …
16:53:03 [INFO]   ↳ 0 new · 10,713 dup
16:53:03 [INFO] Processing USC00252205  …
16:53:04 [INFO]   ↳ 0 new · 10,926 dup
16:53:04 [INFO] Processing USC00252820  …
16:53:05 [INFO]   ↳ 0 new · 10,896 dup
16:53:05 [INFO] Processing USC00252840  …
16:53:05 [INFO]   ↳ 0 new · 9,771 dup
16:53:05 [INFO] Processing USC00253035  …
16:53:05 [INFO]   ↳ 0 new · 2,069 dup
16:53:05 [INFO] Processing USC00253175  …
16:53:06 [INFO]   ↳ 0 new · 10,957 dup
16:53:06 [INFO] Processing USC00253185  …
16:53:07 [INFO]   ↳ 0 new · 10,957 dup
16:53:07 [INFO] Processing USC00253365  …
16:53:07 [INFO]   ↳ 0 new · 10,926 dup
16:53:07 [INFO] Processing USC00253615  …
16:53:08 [INFO]   ↳ 0 new · 10,927 dup
16:53:08 [INFO] Processing USC00253630  …
16:53:08 [INFO]   ↳ 0 new · 10,927 dup
16:53:08 [INFO] Processing USC00253660  …
16:53:09 [INFO]   ↳ 0 new · 10,896 dup
16:53:09 [INFO] Processing USC00253715  …
16:53:10 [INFO]   ↳ 0 new · 8,521 dup
16:53:10 [INFO] Processing USC00253735  …
16:53:10 [INFO]   ↳ 0 new · 10,868 dup
16:53:10 [INFO] Processing USC00253910  …
16:53:11 [INFO]   ↳ 0 new · 10,957 dup
16:53:11 [INFO] Processing USC00254110  …
16:53:12 [INFO]   ↳ 0 new · 10,683 dup
16:53:12 [INFO] Processing USC00254440  …
16:53:12 [INFO]   ↳ 0 new · 10,866 dup
16:53:12 [INFO] Processing USC00254900  …
16:53:13 [INFO]   ↳ 0 new · 10,927 dup
16:53:13 [INFO] Processing USC00254985  …
16:53:13 [INFO]   ↳ 0 new · 9,861 dup
16:53:13 [INFO] Processing USC00255080  …
16:53:14 [INFO]   ↳ 0 new · 9,556 dup
16:53:14 [INFO] Processing USC00255310  …
16:53:15 [INFO]   ↳ 0 new · 10,926 dup
16:53:15 [INFO] Processing USC00255470  …
16:53:15 [INFO]   ↳ 0 new · 8,489 dup
16:53:15 [INFO] Processing USC00255565  …
16:53:16 [INFO]   ↳ 0 new · 10,957 dup
16:53:16 [INFO] Processing USC00256040  …
16:53:16 [INFO]   ↳ 0 new · 9,009 dup
16:53:16 [INFO] Processing USC00256135  …
16:53:17 [INFO]   ↳ 0 new · 10,957 dup
16:53:17 [INFO] Processing USC00256570  …
16:53:17 [INFO]   ↳ 0 new · 10,836 dup
16:53:17 [INFO] Processing USC00256970  …
16:53:18 [INFO]   ↳ 0 new · 10,017 dup
16:53:18 [INFO] Processing USC00257070  …
16:53:18 [WARNING] Interrupted by user – partial commits saved.
